<?xml version="1.0" encoding="UTF-8"?>
<!-- Generated by org.testng.reporters.JUnitReportReporter -->
<testsuite hostname="EMADHASHASH" failures="0" tests="6" name="MyTestCase.Task" time="50.746" errors="0" timestamp="2025-05-05T18:33:45 EET" skipped="0">
  <testcase classname="MyTestCase.Task" name="singUpTest" time="5.324"/>
  <system-out/>
  <testcase classname="MyTestCase.Task" name="loginTest" time="4.260"/>
  <system-out/>
  <testcase classname="MyTestCase.Task" name="contactTest" time="5.356"/>
  <system-out/>
  <testcase classname="MyTestCase.Task" name="productTest" time="7.301"/>
  <system-out/>
  <testcase classname="MyTestCase.Task" name="cartAndCheckoutTest" time="10.648"/>
  <system-out/>
  <testcase classname="MyTestCase.Task" name="categoriesTest" time="17.857"/>
  <system-out/>
</testsuite> <!-- MyTestCase.Task -->
